<?xml version="1.0" encoding="UTF-8"?>
<!-- Generated by org.testng.reporters.JUnitReportReporter -->
<testsuite hostname="YPH1008866LT" name="com.anglo.common_utility.DBManager" tests="8" failures="0" timestamp="18 Dec 2019 07:02:40 GMT" time="17.970" errors="0">
  <testcase name="readQuery" time="2.299" classname="com.anglo.common_utility.DBManager"/>
  <testcase name="ainvokeExtentReport" time="0.143" classname="com.anglo.common_utility.DBManager"/>
  <testcase name="readQuery" time="2.283" classname="com.anglo.common_utility.DBManager"/>
  <testcase name="readQuery" time="4.184" classname="com.anglo.common_utility.DBManager"/>
  <testcase name="readQuery" time="2.155" classname="com.anglo.common_utility.DBManager"/>
  <testcase name="DBConnection" time="1.480" classname="com.anglo.common_utility.DBManager"/>
  <testcase name="readQuery" time="2.499" classname="com.anglo.common_utility.DBManager"/>
  <testcase name="readQuery" time="2.927" classname="com.anglo.common_utility.DBManager"/>
</testsuite> <!-- com.anglo.common_utility.DBManager -->
