<?xml version="1.0" encoding="UTF-8"?>
<!-- Generated by org.testng.reporters.JUnitReportReporter -->
<testsuite hostname="YPH1008866LT" name="com.prod_validation.app.ReportGeneration" tests="2" failures="0" timestamp="20 Jan 2020 13:44:45 GMT" time="42.964" errors="0">
  <testcase name="prodMonitoringSupport" time="42.964" classname="com.prod_validation.app.ReportGeneration"/>
  <testcase name="prodMonitoringSupport" time="0.000" classname="com.prod_validation.app.ReportGeneration"/>
</testsuite> <!-- com.prod_validation.app.ReportGeneration -->
