<?xml version="1.0" encoding="UTF-8"?>
<!-- Generated by org.testng.reporters.JUnitReportReporter -->
<testsuite hostname="YPH1008866LT" name="com.prod_validation.app.ReportGeneration" tests="4" failures="0" timestamp="29 Jan 2020 16:54:04 GMT" time="639.877" errors="0">
  <testcase name="prodMonitoringSupport" time="0.004" classname="com.prod_validation.app.ReportGeneration"/>
  <testcase name="prodMonitoringSupport" time="12.970" classname="com.prod_validation.app.ReportGeneration"/>
  <testcase name="prodMonitoringSupport" time="608.691" classname="com.prod_validation.app.ReportGeneration"/>
  <testcase name="prodMonitoringSupport" time="18.212" classname="com.prod_validation.app.ReportGeneration"/>
</testsuite> <!-- com.prod_validation.app.ReportGeneration -->
